<?xml version="1.0" encoding="UTF-8"?>
<robot generator="Robot 3.2.2 (Python 3.9.5 on win32)" generated="20210528 10:11:46.637" rpa="false">
<suite id="s1" name="Critical" source="C:\Users\ShubhangiPatil\PycharmProjects\PetClinic\tests\critical.robot">
<test id="s1-t1" name="User can access website and add a new pet owner">
<kw name="BEGIN WEB TEST" type="setup">
<kw name="Open Browser" library="SeleniumLibrary">
<doc>Opens a new browser instance to the optional ``url``.</doc>
<arguments>
<arg>about:blank</arg>
<arg>${BROWSER}</arg>
</arguments>
<msg timestamp="20210528 10:11:47.067" level="INFO">Opening browser 'chrome' to base url 'about:blank'.</msg>
<status status="PASS" starttime="20210528 10:11:47.066" endtime="20210528 10:11:48.698"></status>
</kw>
<kw name="Set Selenium Speed" library="SeleniumLibrary">
<doc>Sets the delay that is waited after each Selenium command.</doc>
<arguments>
<arg>0.2</arg>
</arguments>
<status status="PASS" starttime="20210528 10:11:48.699" endtime="20210528 10:11:48.699"></status>
</kw>
<status status="PASS" starttime="20210528 10:11:47.066" endtime="20210528 10:11:48.699"></status>
</kw>
<kw name="GIVEN Web page is open at start page">
<kw name="Load Page">
<kw name="Go To" library="SeleniumLibrary">
<doc>Navigates the current browser window to the provided ``url``.</doc>
<arguments>
<arg>${URL}</arg>
</arguments>
<msg timestamp="20210528 10:11:48.702" level="INFO">Opening url 'http://localhost:4200'</msg>
<status status="PASS" starttime="20210528 10:11:48.701" endtime="20210528 10:11:49.463"></status>
</kw>
<status status="PASS" starttime="20210528 10:11:48.701" endtime="20210528 10:11:49.464"></status>
</kw>
<kw name="Verify Page Loaded">
<kw name="Get Title" library="SeleniumLibrary">
<doc>Returns the title of the current page.</doc>
<assign>
<var>${link_text}</var>
</assign>
<msg timestamp="20210528 10:11:49.676" level="INFO">${link_text} = SpringPetclinicAngular</msg>
<status status="PASS" starttime="20210528 10:11:49.464" endtime="20210528 10:11:49.677"></status>
</kw>
<kw name="Should Be Equal" library="BuiltIn">
<doc>Fails if the given objects are unequal.</doc>
<arguments>
<arg>${link_text}</arg>
<arg>SpringPetclinicAngular</arg>
</arguments>
<status status="PASS" starttime="20210528 10:11:49.677" endtime="20210528 10:11:49.677"></status>
</kw>
<kw name="Page Should Contain" library="SeleniumLibrary">
<doc>Verifies that current page contains ``text``.</doc>
<arguments>
<arg>Welcome to Petclinic</arg>
</arguments>
<msg timestamp="20210528 10:11:50.129" level="INFO">Current page contains text 'Welcome to Petclinic'.</msg>
<status status="PASS" starttime="20210528 10:11:49.678" endtime="20210528 10:11:50.129"></status>
</kw>
<status status="PASS" starttime="20210528 10:11:49.464" endtime="20210528 10:11:50.130"></status>
</kw>
<status status="PASS" starttime="20210528 10:11:48.700" endtime="20210528 10:11:50.130"></status>
</kw>
<kw name="WHEN the user find and click on OWNER menu">
<kw name="Wait Until Page Contains" library="SeleniumLibrary">
<doc>Waits until ``text`` appears on the current page.</doc>
<arguments>
<arg>Owners</arg>
</arguments>
<status status="PASS" starttime="20210528 10:11:50.132" endtime="20210528 10:11:50.352"></status>
</kw>
<kw name="Click Element" library="SeleniumLibrary">
<doc>Click the element identified by ``locator``.</doc>
<arguments>
<arg>xpath:/html/body/app-root/div[1]/nav/div/ul/li[2]</arg>
</arguments>
<msg timestamp="20210528 10:11:50.353" level="INFO">Clicking element 'xpath:/html/body/app-root/div[1]/nav/div/ul/li[2]'.</msg>
<status status="PASS" starttime="20210528 10:11:50.353" endtime="20210528 10:11:50.864"></status>
</kw>
<status status="PASS" starttime="20210528 10:11:50.131" endtime="20210528 10:11:50.864"></status>
</kw>
<kw name="AND find ALL List of OWNERS">
<kw name="Page Should Contain Element" library="SeleniumLibrary">
<doc>Verifies that element ``locator`` is found on the current page.</doc>
<arguments>
<arg>//*[@routerlink="/owners"]</arg>
</arguments>
<msg timestamp="20210528 10:11:51.098" level="INFO">Current page contains element '//*[@routerlink="/owners"]'.</msg>
<status status="PASS" starttime="20210528 10:11:50.864" endtime="20210528 10:11:51.098"></status>
</kw>
<kw name="Click Element" library="SeleniumLibrary">
<doc>Click the element identified by ``locator``.</doc>
<arguments>
<arg>//*[@routerlink="/owners"]</arg>
</arguments>
<msg timestamp="20210528 10:11:51.099" level="INFO">Clicking element '//*[@routerlink="/owners"]'.</msg>
<status status="PASS" starttime="20210528 10:11:51.098" endtime="20210528 10:11:51.661"></status>
</kw>
<status status="PASS" starttime="20210528 10:11:50.864" endtime="20210528 10:11:51.662"></status>
</kw>
<kw name="AND Verify all Column names for the OWNERS List">
<kw name="Page Should Contain" library="SeleniumLibrary">
<doc>Verifies that current page contains ``text``.</doc>
<arguments>
<arg>Owners</arg>
</arguments>
<msg timestamp="20210528 10:11:52.104" level="INFO">Current page contains text 'Owners'.</msg>
<status status="PASS" starttime="20210528 10:11:51.664" endtime="20210528 10:11:52.104"></status>
</kw>
<kw name="Page Should Contain Element" library="SeleniumLibrary">
<doc>Verifies that element ``locator`` is found on the current page.</doc>
<arguments>
<arg>//*[@class="table table-striped"]</arg>
</arguments>
<msg timestamp="20210528 10:11:52.330" level="INFO">Current page contains element '//*[@class="table table-striped"]'.</msg>
<status status="PASS" starttime="20210528 10:11:52.104" endtime="20210528 10:11:52.330"></status>
</kw>
<kw name="Element Text Should Be" library="SeleniumLibrary">
<doc>Verifies that element ``locator`` contains exact the text ``expected``.</doc>
<arguments>
<arg>//*[@class="table table-striped"]/thead/tr/th[1]</arg>
<arg>Name</arg>
</arguments>
<msg timestamp="20210528 10:11:52.330" level="INFO">Verifying element '//*[@class="table table-striped"]/thead/tr/th[1]' contains exact text 'Name'.</msg>
<status status="PASS" starttime="20210528 10:11:52.330" endtime="20210528 10:11:52.767"></status>
</kw>
<kw name="Element Text Should Be" library="SeleniumLibrary">
<doc>Verifies that element ``locator`` contains exact the text ``expected``.</doc>
<arguments>
<arg>//*[@class="table table-striped"]/thead/tr/th[2]</arg>
<arg>Address</arg>
</arguments>
<msg timestamp="20210528 10:11:52.767" level="INFO">Verifying element '//*[@class="table table-striped"]/thead/tr/th[2]' contains exact text 'Address'.</msg>
<status status="PASS" starttime="20210528 10:11:52.767" endtime="20210528 10:11:53.212"></status>
</kw>
<kw name="Element Text Should Be" library="SeleniumLibrary">
<doc>Verifies that element ``locator`` contains exact the text ``expected``.</doc>
<arguments>
<arg>//*[@class="table table-striped"]/thead/tr/th[3]</arg>
<arg>City</arg>
</arguments>
<msg timestamp="20210528 10:11:53.212" level="INFO">Verifying element '//*[@class="table table-striped"]/thead/tr/th[3]' contains exact text 'City'.</msg>
<status status="PASS" starttime="20210528 10:11:53.212" endtime="20210528 10:11:53.669"></status>
</kw>
<kw name="Element Text Should Be" library="SeleniumLibrary">
<doc>Verifies that element ``locator`` contains exact the text ``expected``.</doc>
<arguments>
<arg>//*[@class="table table-striped"]/thead/tr/th[4]</arg>
<arg>Telephone</arg>
</arguments>
<msg timestamp="20210528 10:11:53.669" level="INFO">Verifying element '//*[@class="table table-striped"]/thead/tr/th[4]' contains exact text 'Telephone'.</msg>
<status status="PASS" starttime="20210528 10:11:53.669" endtime="20210528 10:11:54.118"></status>
</kw>
<kw name="Element Text Should Be" library="SeleniumLibrary">
<doc>Verifies that element ``locator`` contains exact the text ``expected``.</doc>
<arguments>
<arg>//*[@class="table table-striped"]/thead/tr/th[5]</arg>
<arg>Pets</arg>
</arguments>
<msg timestamp="20210528 10:11:54.118" level="INFO">Verifying element '//*[@class="table table-striped"]/thead/tr/th[5]' contains exact text 'Pets'.</msg>
<status status="PASS" starttime="20210528 10:11:54.118" endtime="20210528 10:11:54.566"></status>
</kw>
<status status="PASS" starttime="20210528 10:11:51.662" endtime="20210528 10:11:54.567"></status>
</kw>
<kw name="AND click on &quot;Add Owner&quot; CF">
<kw name="Click Element" library="SeleniumLibrary">
<doc>Click the element identified by ``locator``.</doc>
<arguments>
<arg>xpath:/html/body/app-root/app-owner-list/div/div/div/div/button</arg>
</arguments>
<msg timestamp="20210528 10:11:54.568" level="INFO">Clicking element 'xpath:/html/body/app-root/app-owner-list/div/div/div/div/button'.</msg>
<status status="PASS" starttime="20210528 10:11:54.568" endtime="20210528 10:11:55.066"></status>
</kw>
<status status="PASS" starttime="20210528 10:11:54.567" endtime="20210528 10:11:55.066"></status>
</kw>
<kw name="AND add a new Owner CF">
<arguments>
<arg>${CF_FIRST_NAME_OWNER}</arg>
<arg>${CF_LAST_NAME_OWNER}</arg>
<arg>${CF_ADDRESS_OWNER}</arg>
<arg>${CF_CITY_OWNER}</arg>
<arg>${CF_TELEPHONE_OWNER}</arg>
</arguments>
<kw name="Input Text" library="SeleniumLibrary">
<doc>Types the given ``text`` into the text field identified by ``locator``.</doc>
<arguments>
<arg>id:firstName</arg>
<arg>${CF_FIRST_NAME_OWNER}</arg>
</arguments>
<msg timestamp="20210528 10:11:55.068" level="INFO">Typing text 'Linda' into text field 'id:firstName'.</msg>
<status status="PASS" starttime="20210528 10:11:55.067" endtime="20210528 10:11:55.833"></status>
</kw>
<kw name="Input Text" library="SeleniumLibrary">
<doc>Types the given ``text`` into the text field identified by ``locator``.</doc>
<arguments>
<arg>id:lastName</arg>
<arg>${CF_LAST_NAME_OWNER}</arg>
</arguments>
<msg timestamp="20210528 10:11:55.833" level="INFO">Typing text 'Björklund' into text field 'id:lastName'.</msg>
<status status="PASS" starttime="20210528 10:11:55.833" endtime="20210528 10:11:56.569"></status>
</kw>
<kw name="Input Text" library="SeleniumLibrary">
<doc>Types the given ``text`` into the text field identified by ``locator``.</doc>
<arguments>
<arg>id:address</arg>
<arg>${CF_ADDRESS_OWNER}</arg>
</arguments>
<msg timestamp="20210528 10:11:56.570" level="INFO">Typing text 'Main Avenue' into text field 'id:address'.</msg>
<status status="PASS" starttime="20210528 10:11:56.570" endtime="20210528 10:11:57.347"></status>
</kw>
<kw name="Input Text" library="SeleniumLibrary">
<doc>Types the given ``text`` into the text field identified by ``locator``.</doc>
<arguments>
<arg>id:city</arg>
<arg>${CF_CITY_OWNER}</arg>
</arguments>
<msg timestamp="20210528 10:11:57.347" level="INFO">Typing text '43212 Gothenburg' into text field 'id:city'.</msg>
<status status="PASS" starttime="20210528 10:11:57.347" endtime="20210528 10:11:58.151"></status>
</kw>
<kw name="Input Text" library="SeleniumLibrary">
<doc>Types the given ``text`` into the text field identified by ``locator``.</doc>
<arguments>
<arg>id:telephone</arg>
<arg>${CF_TELEPHONE_OWNER}</arg>
</arguments>
<msg timestamp="20210528 10:11:58.151" level="INFO">Typing text '0876543566' into text field 'id:telephone'.</msg>
<status status="PASS" starttime="20210528 10:11:58.151" endtime="20210528 10:11:58.912"></status>
</kw>
<kw name="Click Button" library="SeleniumLibrary">
<doc>Clicks the button identified by ``locator``.</doc>
<arguments>
<arg>xpath:/html/body/app-root/app-owner-add/div/div/form/div[7]/div/button[2]</arg>
</arguments>
<msg timestamp="20210528 10:11:58.912" level="INFO">Clicking button 'xpath:/html/body/app-root/app-owner-add/div/div/form/div[7]/div/button[2]'.</msg>
<status status="PASS" starttime="20210528 10:11:58.912" endtime="20210528 10:12:00.164"></status>
</kw>
<status status="PASS" starttime="20210528 10:11:55.066" endtime="20210528 10:12:00.165"></status>
</kw>
<kw name="AND verify that a new owner CF is saved in Owners Page">
<kw name="Wait Until Page Contains" library="SeleniumLibrary">
<doc>Waits until ``text`` appears on the current page.</doc>
<arguments>
<arg>Owners</arg>
</arguments>
<status status="PASS" starttime="20210528 10:12:00.167" endtime="20210528 10:12:00.400"></status>
</kw>
<kw name="Wait Until Element Is Visible" library="SeleniumLibrary">
<doc>Waits until the element ``locator`` is visible.</doc>
<arguments>
<arg>xpath:/html/body/app-root/app-owner-list/div/div/div/table/tbody/tr[11]/td[1]/a</arg>
</arguments>
<status status="PASS" starttime="20210528 10:12:00.401" endtime="20210528 10:12:00.905"></status>
</kw>
<kw name="Element Should Be Visible" library="SeleniumLibrary">
<doc>Verifies that the element identified by ``locator`` is visible.</doc>
<arguments>
<arg>xpath:/html/body/app-root/app-owner-list/div/div/div/table/tbody/tr[11]/td[1]/a</arg>
</arguments>
<msg timestamp="20210528 10:12:01.387" level="INFO">Element 'xpath:/html/body/app-root/app-owner-list/div/div/div/table/tbody/tr[11]/td[1]/a' is displayed.</msg>
<status status="PASS" starttime="20210528 10:12:00.906" endtime="20210528 10:12:01.388"></status>
</kw>
<status status="PASS" starttime="20210528 10:12:00.167" endtime="20210528 10:12:01.388"></status>
</kw>
<kw name="AND then add Pet to the owner CF">
<arguments>
<arg>${CF_PET_NAME_OWNER}</arg>
<arg>${CF_BIRTH_DATE_PET_OWNER}</arg>
</arguments>
<kw name="Click Element" library="SeleniumLibrary">
<doc>Click the element identified by ``locator``.</doc>
<arguments>
<arg>xpath:/html/body/app-root/app-owner-list/div/div/div/table/tbody/tr[11]/td[1]/a</arg>
</arguments>
<msg timestamp="20210528 10:12:01.388" level="INFO">Clicking element 'xpath:/html/body/app-root/app-owner-list/div/div/div/table/tbody/tr[11]/td[1]/a'.</msg>
<status status="PASS" starttime="20210528 10:12:01.388" endtime="20210528 10:12:01.930"></status>
</kw>
<kw name="Click Button" library="SeleniumLibrary">
<doc>Clicks the button identified by ``locator``.</doc>
<arguments>
<arg>xpath:/html/body/app-root/app-owner-detail/div/div/button[3]</arg>
</arguments>
<msg timestamp="20210528 10:12:01.931" level="INFO">Clicking button 'xpath:/html/body/app-root/app-owner-detail/div/div/button[3]'.</msg>
<status status="PASS" starttime="20210528 10:12:01.930" endtime="20210528 10:12:03.196"></status>
</kw>
<kw name="Input Text" library="SeleniumLibrary">
<doc>Types the given ``text`` into the text field identified by ``locator``.</doc>
<arguments>
<arg>id:name</arg>
<arg>${CF_PET_NAME_OWNER}</arg>
</arguments>
<msg timestamp="20210528 10:12:03.196" level="INFO">Typing text 'Minnie' into text field 'id:name'.</msg>
<status status="PASS" starttime="20210528 10:12:03.196" endtime="20210528 10:12:04.104"></status>
</kw>
<kw name="Input Text" library="SeleniumLibrary">
<doc>Types the given ``text`` into the text field identified by ``locator``.</doc>
<arguments>
<arg>xpath:/html/body/app-root/app-pet-add/div/div/form/div[4]/div/input</arg>
<arg>${CF_BIRTH_DATE_PET_OWNER}</arg>
</arguments>
<msg timestamp="20210528 10:12:04.106" level="INFO">Typing text '2020/08/21' into text field 'xpath:/html/body/app-root/app-pet-add/div/div/form/div[4]/div/input'.</msg>
<status status="PASS" starttime="20210528 10:12:04.104" endtime="20210528 10:12:04.966"></status>
</kw>
<kw name="Click Element" library="SeleniumLibrary">
<doc>Click the element identified by ``locator``.</doc>
<arguments>
<arg>//*[@id="type"]</arg>
</arguments>
<msg timestamp="20210528 10:12:04.967" level="INFO">Clicking element '//*[@id="type"]'.</msg>
<status status="PASS" starttime="20210528 10:12:04.966" endtime="20210528 10:12:05.532"></status>
</kw>
<kw name="Click Element" library="SeleniumLibrary">
<doc>Click the element identified by ``locator``.</doc>
<arguments>
<arg>//*[@id="type"]/option[1]</arg>
</arguments>
<msg timestamp="20210528 10:12:05.533" level="INFO">Clicking element '//*[@id="type"]/option[1]'.</msg>
<status status="PASS" starttime="20210528 10:12:05.532" endtime="20210528 10:12:06.033"></status>
</kw>
<kw name="Click Button" library="SeleniumLibrary">
<doc>Clicks the button identified by ``locator``.</doc>
<arguments>
<arg>xpath:/html/body/app-root/app-pet-add/div/div/form/div[6]/div/button[2]</arg>
</arguments>
<msg timestamp="20210528 10:12:06.033" level="INFO">Clicking button 'xpath:/html/body/app-root/app-pet-add/div/div/form/div[6]/div/button[2]'.</msg>
<status status="PASS" starttime="20210528 10:12:06.033" endtime="20210528 10:12:07.261"></status>
</kw>
<kw name="Wait Until Element Is Visible" library="SeleniumLibrary">
<doc>Waits until the element ``locator`` is visible.</doc>
<arguments>
<arg>xpath:/html/body/app-root/app-owner-detail/div/div/table[2]</arg>
</arguments>
<status status="PASS" starttime="20210528 10:12:07.262" endtime="20210528 10:12:07.747"></status>
</kw>
<status status="PASS" starttime="20210528 10:12:01.388" endtime="20210528 10:12:07.747"></status>
</kw>
<kw name="AND then add a visit for newly added pet CF">
<arguments>
<arg>${CF_VISIT_DATE_PET_1_OWNER}</arg>
<arg>${CF_DESCRIPTION_VISIT_PET_1_OWNER}</arg>
</arguments>
<kw name="Wait Until Element Is Visible" library="SeleniumLibrary">
<doc>Waits until the element ``locator`` is visible.</doc>
<arguments>
<arg>xpath:/html/body/app-root/app-owner-detail/div/div/table[2]/tr/app-pet-list/table/tr/td[1]/dl/button[3]</arg>
</arguments>
<status status="PASS" starttime="20210528 10:12:07.747" endtime="20210528 10:12:08.218"></status>
</kw>
<kw name="Click Button" library="SeleniumLibrary">
<doc>Clicks the button identified by ``locator``.</doc>
<arguments>
<arg>xpath:/html/body/app-root/app-owner-detail/div/div/table[2]/tr/app-pet-list/table/tr/td[1]/dl/button[3]</arg>
</arguments>
<msg timestamp="20210528 10:12:08.219" level="INFO">Clicking button 'xpath:/html/body/app-root/app-owner-detail/div/div/table[2]/tr/app-pet-list/table/tr/td[1]/dl/button[3]'.</msg>
<status status="PASS" starttime="20210528 10:12:08.218" endtime="20210528 10:12:11.179"></status>
</kw>
<kw name="Wait Until Element Is Visible" library="SeleniumLibrary">
<doc>Waits until the element ``locator`` is visible.</doc>
<arguments>
<arg>xpath:/html/body/app-root/app-visit-add/div/div/h2</arg>
</arguments>
<status status="PASS" starttime="20210528 10:12:11.179" endtime="20210528 10:12:11.639"></status>
</kw>
<kw name="Input Text" library="SeleniumLibrary">
<doc>Types the given ``text`` into the text field identified by ``locator``.</doc>
<arguments>
<arg>//*[@id="visit"]/div[1]/div[1]/div/input</arg>
<arg>${CF_VISIT_DATE_PET_1_OWNER}</arg>
</arguments>
<msg timestamp="20210528 10:12:11.641" level="INFO">Typing text '2021/06/29' into text field '//*[@id="visit"]/div[1]/div[1]/div/input'.</msg>
<status status="PASS" starttime="20210528 10:12:11.639" endtime="20210528 10:12:12.477"></status>
</kw>
<kw name="Input Text" library="SeleniumLibrary">
<doc>Types the given ``text`` into the text field identified by ``locator``.</doc>
<arguments>
<arg>id:description</arg>
<arg>${CF_DESCRIPTION_VISIT_PET_1_OWNER}</arg>
</arguments>
<msg timestamp="20210528 10:12:12.477" level="INFO">Typing text 'general checkup' into text field 'id:description'.</msg>
<status status="PASS" starttime="20210528 10:12:12.477" endtime="20210528 10:12:13.332"></status>
</kw>
<kw name="Click Button" library="SeleniumLibrary">
<doc>Clicks the button identified by ``locator``.</doc>
<arguments>
<arg>//*[@id="visit"]/div[2]/div/button[2]</arg>
</arguments>
<msg timestamp="20210528 10:12:13.335" level="INFO">Clicking button '//*[@id="visit"]/div[2]/div/button[2]'.</msg>
<status status="PASS" starttime="20210528 10:12:13.333" endtime="20210528 10:12:14.514"></status>
</kw>
<status status="PASS" starttime="20210528 10:12:07.747" endtime="20210528 10:12:14.515"></status>
</kw>
<kw name="AND then verify the new booked visit for pet CF">
<kw name="Wait Until Element Is Visible" library="SeleniumLibrary">
<doc>Waits until the element ``locator`` is visible.</doc>
<arguments>
<arg>xpath:/html/body/app-root/app-owner-detail/div/div/table[2]/tr/app-pet-list/table/tr/td[2]</arg>
</arguments>
<status status="PASS" starttime="20210528 10:12:14.516" endtime="20210528 10:12:14.974"></status>
</kw>
<status status="PASS" starttime="20210528 10:12:14.516" endtime="20210528 10:12:14.975"></status>
</kw>
<kw name="AND then verify the owner name is display with his pet name CF">
<kw name="Wait Until Element Is Visible" library="SeleniumLibrary">
<doc>Waits until the element ``locator`` is visible.</doc>
<arguments>
<arg>xpath:/html/body/app-root/app-owner-detail/div/div/button[1]</arg>
</arguments>
<status status="PASS" starttime="20210528 10:12:14.975" endtime="20210528 10:12:15.435"></status>
</kw>
<kw name="Click Button" library="SeleniumLibrary">
<doc>Clicks the button identified by ``locator``.</doc>
<arguments>
<arg>xpath:/html/body/app-root/app-owner-detail/div/div/button[1]</arg>
</arguments>
<msg timestamp="20210528 10:12:15.435" level="INFO">Clicking button 'xpath:/html/body/app-root/app-owner-detail/div/div/button[1]'.</msg>
<status status="PASS" starttime="20210528 10:12:15.435" endtime="20210528 10:12:16.628"></status>
</kw>
<status status="PASS" starttime="20210528 10:12:14.975" endtime="20210528 10:12:16.628"></status>
</kw>
<kw name="END WEB TEST" type="teardown">
<kw name="Close Browser" library="SeleniumLibrary">
<doc>Closes the current browser.</doc>
<status status="PASS" starttime="20210528 10:12:16.634" endtime="20210528 10:12:19.030"></status>
</kw>
<status status="PASS" starttime="20210528 10:12:16.628" endtime="20210528 10:12:19.031"></status>
</kw>
<doc>This is a test for critical flow: add user, add pet, add visit</doc>
<tags>
<tag>Critical_flow_Test</tag>
</tags>
<status status="PASS" starttime="20210528 10:11:47.065" endtime="20210528 10:12:19.033" critical="yes"></status>
</test>
<doc>This is a test of a Pet Clinic with Robot Framework /Critical flow test</doc>
<status status="PASS" starttime="20210528 10:11:46.643" endtime="20210528 10:12:19.038"></status>
</suite>
<statistics>
<total>
<stat pass="1" fail="0">Critical Tests</stat>
<stat pass="1" fail="0">All Tests</stat>
</total>
<tag>
<stat pass="1" fail="0">Critical_flow_Test</stat>
</tag>
<suite>
<stat pass="1" fail="0" id="s1" name="Critical">Critical</stat>
</suite>
</statistics>
<errors>
</errors>
</robot>
